<?xml version="1.0" encoding="UTF-8"?>
<!-- Generated by org.testng.reporters.JUnitReportReporter -->
<testsuite skipped="0" hostname="win" name="scripts.TestInvalidLogin" tests="1" failures="0" timestamp="09 Jan 2018 14:44:00 GMT" time="18.890" errors="0">
  <testcase name="testInvalidLogin" time="18.890" classname="scripts.TestInvalidLogin"/>
</testsuite> <!-- scripts.TestInvalidLogin -->
