<?xml version="1.0" encoding="UTF-8"?>
<!-- Generated by org.testng.reporters.JUnitReportReporter -->
<testsuite skipped="0" hostname="win" name="scripts.TestValidLogin" tests="1" failures="0" timestamp="09 Jan 2018 14:44:00 GMT" time="23.810" errors="0">
  <testcase name="testValidLogin" time="23.810" classname="scripts.TestValidLogin"/>
</testsuite> <!-- scripts.TestValidLogin -->
